<?xml version="1.0" encoding="UTF-8"?>
<!-- Generated by org.testng.reporters.JUnitReportReporter -->
<testsuite hostname="MX-IT02061" failures="0" tests="1" name="report.ExtentReportDemo" time="0.375" errors="0" timestamp="03 Mar 2021 22:27:04 GMT" skipped="0">
  <testcase classname="report.ExtentReportDemo" name="loginTest" time="0.375"/>
</testsuite> <!-- report.ExtentReportDemo -->
